<?xml version="1.0" encoding="UTF-8"?>
<testsuite xmlns:xsi="http://www.w3.org/2001/XMLSchema-instance" xsi:noNamespaceSchemaLocation="https://maven.apache.org/surefire/maven-surefire-plugin/xsd/surefire-test-report.xsd" name="com.example.CalculatorFixtureTest" time="0.003" tests="2" errors="0" skipped="0" failures="0">
  <properties>
    <property name="java.specification.version" value="24"/>
    <property name="sun.cpu.isalist" value="amd64"/>
    <property name="sun.jnu.encoding" value="Cp1252"/>
    <property name="java.class.path" value="C:\Users\ACER\OneDrive\Desktop\cognizant\week2_JUnit\hands_on1_basic_junit_testing\code\demo\target\test-classes;C:\Users\ACER\OneDrive\Desktop\cognizant\week2_JUnit\hands_on1_basic_junit_testing\code\demo\target\classes;C:\Users\ACER\.m2\repository\junit\junit\4.13.2\junit-4.13.2.jar;C:\Users\ACER\.m2\repository\org\hamcrest\hamcrest-core\1.3\hamcrest-core-1.3.jar;"/>
    <property name="java.vm.vendor" value="Oracle Corporation"/>
    <property name="sun.arch.data.model" value="64"/>
    <property name="user.variant" value=""/>
    <property name="java.vendor.url" value="https://java.oracle.com/"/>
    <property name="user.timezone" value="Asia/Calcutta"/>
    <property name="os.name" value="Windows 11"/>
    <property name="java.vm.specification.version" value="24"/>
    <property name="sun.java.launcher" value="SUN_STANDARD"/>
    <property name="user.country" value="IN"/>
    <property name="sun.boot.library.path" value="C:\Program Files\Java\jdk-24\bin"/>
    <property name="sun.java.command" value="C:\Users\ACER\AppData\Local\Temp\surefire13445685126606911657\surefirebooter69366459273235801.jar C:\Users\ACER\AppData\Local\Temp\surefire13445685126606911657 2025-06-27T16-53-34_938-jvmRun1 surefire9129789800960504804tmp surefire_02335007096991970922tmp"/>
    <property name="jdk.debug" value="release"/>
    <property name="surefire.test.class.path" value="C:\Users\ACER\OneDrive\Desktop\cognizant\week2_JUnit\hands_on1_basic_junit_testing\code\demo\target\test-classes;C:\Users\ACER\OneDrive\Desktop\cognizant\week2_JUnit\hands_on1_basic_junit_testing\code\demo\target\classes;C:\Users\ACER\.m2\repository\junit\junit\4.13.2\junit-4.13.2.jar;C:\Users\ACER\.m2\repository\org\hamcrest\hamcrest-core\1.3\hamcrest-core-1.3.jar;"/>
    <property name="sun.cpu.endian" value="little"/>
    <property name="user.home" value="C:\Users\ACER"/>
    <property name="user.language" value="en"/>
    <property name="java.specification.vendor" value="Oracle Corporation"/>
    <property name="java.version.date" value="2025-04-15"/>
    <property name="java.home" value="C:\Program Files\Java\jdk-24"/>
    <property name="file.separator" value="\"/>
    <property name="basedir" value="C:\Users\ACER\OneDrive\Desktop\cognizant\week2_JUnit\hands_on1_basic_junit_testing\code\demo"/>
    <property name="java.vm.compressedOopsMode" value="32-bit"/>
    <property name="line.separator" value="&#10;"/>
    <property name="java.vm.specification.vendor" value="Oracle Corporation"/>
    <property name="java.specification.name" value="Java Platform API Specification"/>
    <property name="surefire.real.class.path" value="C:\Users\ACER\AppData\Local\Temp\surefire13445685126606911657\surefirebooter69366459273235801.jar"/>
    <property name="user.script" value=""/>
    <property name="sun.management.compiler" value="HotSpot 64-Bit Tiered Compilers"/>
    <property name="java.runtime.version" value="24.0.1+9-30"/>
    <property name="user.name" value="ACER"/>
    <property name="stdout.encoding" value="Cp1252"/>
    <property name="path.separator" value=";"/>
    <property name="os.version" value="10.0"/>
    <property name="java.runtime.name" value="Java(TM) SE Runtime Environment"/>
    <property name="file.encoding" value="UTF-8"/>
    <property name="java.vm.name" value="Java HotSpot(TM) 64-Bit Server VM"/>
    <property name="localRepository" value="C:\Users\ACER\.m2\repository"/>
    <property name="java.vendor.url.bug" value="https://bugreport.java.com/bugreport/"/>
    <property name="java.io.tmpdir" value="C:\Users\ACER\AppData\Local\Temp\"/>
    <property name="java.version" value="24.0.1"/>
    <property name="user.dir" value="C:\Users\ACER\OneDrive\Desktop\cognizant\week2_JUnit\hands_on1_basic_junit_testing\code\demo"/>
    <property name="os.arch" value="amd64"/>
    <property name="java.vm.specification.name" value="Java Virtual Machine Specification"/>
    <property name="sun.os.patch.level" value=""/>
    <property name="native.encoding" value="Cp1252"/>
    <property name="java.library.path" value="C:\Program Files\Java\jdk-24\bin;C:\WINDOWS\Sun\Java\bin;C:\WINDOWS\system32;C:\WINDOWS;C:\Program Files\Common Files\Oracle\Java\javapath;C:\Program Files (x86)\Common Files\Oracle\Java\java8path;C:\Program Files (x86)\Common Files\Oracle\Java\javapath;c:\Users\ACER\AppData\Local\Programs\cursor\resources\app\bin;C:\Python312\Scripts\;C:\Python312\;C:\WINDOWS\system32;C:\WINDOWS;C:\WINDOWS\System32\Wbem;C:\WINDOWS\System32\WindowsPowerShell\v1.0\;C:\WINDOWS\System32\OpenSSH\;C:\Program Files\dotnet\;D:\MinGW\bin;C:\Program Files\MySQL\MySQL Server 8.0\bin;C:\xampp\php\php.exe;C:\xampp\php;C:\composer;D:\exe files\bin;D:\Plant disease detection\dart-sdk\bin;D:\exe files\jdk-22\bin;C:\ProgramData\chocolatey\bin;C:\Program Files\Git\cmd;C:\Program Files\nodejs\;C:\Program Files\MySQL\MySQL Shell 9.3\bin\;C:\Users\ACER\AppData\Local\Programs\Python\Python310\Scripts\;C:\Users\ACER\AppData\Local\Programs\Python\Python310\;C:\Users\ACER\AppData\Local\Microsoft\WindowsApps;C:\Program Files\JetBrains\PyCharm Community Edition 2023.1\bin;C:\Users\ACER\AppData\Roaming\Composer\vendor\bin;D:\exe files\bin;D:\Plant disease detection\dart-sdk\bin;C:\Program Files\Git\bin;D:\exe files\jdk-22\bin;C:\Program Files\MySQL\MySQL Server 8.4\bin;D:\ROOT\All photos after DJ til;C:\Program Files (x86)\Java\jre1.8.0_451\bin;C:\Users\ACER\Downloads\apache-maven-3.9.10-bin\apache-maven-3.9.10\bin;C:\Program Files\MySQL\MySQL Shell 9.3\bin\;C:\Users\ACER\AppData\Local\Programs\Python\Python310\Scripts\;C:\Users\ACER\AppData\Local\Programs\Python\Python310\;C:\Users\ACER\AppData\Local\Microsoft\WindowsApps;C:\Program Files\JetBrains\PyCharm Community Edition 2023.1\bin;;D:\Microsoft VS Code\bin;C:\Users\ACER\AppData\Roaming\Composer\vendor\bin;D:\exe files\bin;D:\Plant disease detection\dart-sdk\bin;C:\Program Files\Git\bin;D:\exe files\jdk-22\bin;C:\Program Files\MySQL\MySQL Server 8.4\bin;D:\ROOT\All photos after DJ till 14th May 2025;C:\Users\ACER\AppData\Roaming\npm;C:\Users\ACER\AppData\Local\Programs\cursor\resources\app\bin;C:\Program Files (x86)\Java\jre1.8.0_451\bin;C:\Users\ACER\Downloads\apache-maven-3.9.10-bin\apache-maven-3.9.10\bin;;."/>
    <property name="java.vm.info" value="mixed mode, sharing"/>
    <property name="stderr.encoding" value="Cp1252"/>
    <property name="java.vendor" value="Oracle Corporation"/>
    <property name="java.vm.version" value="24.0.1+9-30"/>
    <property name="sun.io.unicode.encoding" value="UnicodeLittle"/>
    <property name="java.class.version" value="68.0"/>
  </properties>
  <testcase name="testAddUsingAAA" classname="com.example.CalculatorFixtureTest" time="0"/>
  <testcase name="testMultiplyUsingAAA" classname="com.example.CalculatorFixtureTest" time="0.001"/>
</testsuite>